<?xml version="1.0" encoding="UTF-8"?>
<!-- Generated by org.testng.reporters.JUnitReportReporter -->
<testsuite hostname="lptprasmirekha" failures="0" tests="1" name="testNG.SimpleProg" time="6.427" errors="0" timestamp="2022-01-08T23:37:14 IST" skipped="0">
  <testcase classname="testNG.SimpleProg" name="tc_Login" time="6.427"/>
  <system-out/>
</testsuite> <!-- testNG.SimpleProg -->
