<?xml version="1.0" encoding="UTF-8"?>
<!-- Generated by org.testng.reporters.JUnitReportReporter -->
<testsuite hostname="lptprasmirekha" failures="0" tests="4" name="testNG.TestPriority" time="0.028" errors="0" timestamp="2022-01-08T23:35:22 IST" skipped="0">
  <testcase classname="testNG.TestPriority" name="logout" time="0.002"/>
  <system-out/>
  <testcase classname="testNG.TestPriority" name="login" time="0.022"/>
  <system-out/>
  <testcase classname="testNG.TestPriority" name="addEmp" time="0.002"/>
  <system-out/>
  <testcase classname="testNG.TestPriority" name="delEmp" time="0.002"/>
  <system-out/>
</testsuite> <!-- testNG.TestPriority -->
