<?xml version="1.0" encoding="UTF-8"?>
<!-- Generated by org.testng.reporters.JUnitReportReporter -->
<testsuite hostname="lptprasmirekha" failures="0" tests="1" name="testNG.TestParameters" time="11.440" errors="0" timestamp="2022-01-10T18:39:18 IST" skipped="0">
  <testcase classname="testNG.TestParameters" name="gmailLoginTest" time="11.440"/>
  <system-out/>
</testsuite> <!-- testNG.TestParameters -->
