<?xml version="1.0" encoding="UTF-8"?>
<!-- Generated by org.testng.reporters.JUnitReportReporter -->
<testsuite hostname="lptprasmirekha" failures="0" tests="2" name="testNG.AnnotationHierarchy" time="0.018" errors="0" timestamp="2022-01-08T23:35:38 IST" skipped="0">
  <testcase classname="testNG.AnnotationHierarchy" name="tc002" time="0.008"/>
  <system-out/>
  <testcase classname="testNG.AnnotationHierarchy" name="tc001" time="0.010"/>
  <system-out/>
</testsuite> <!-- testNG.AnnotationHierarchy -->
